Arguments: 
  /usr/bin/node /usr/share/yarn/bin/yarn.js dev

PATH: 
  /home/vitormrts/.local/bin:/usr/local/sbin:/usr/local/bin:/usr/sbin:/usr/bin:/sbin:/bin:/usr/games:/usr/local/games:/snap/bin

Yarn version: 
  1.22.5

Node version: 
  14.15.5

Platform: 
  linux x64

Trace: 
  SyntaxError: /home/vitormrts/Área de Trabalho/Projects/to-do-app/package.json: Unexpected token } in JSON at position 375
      at JSON.parse (<anonymous>)
      at /usr/share/yarn/lib/cli.js:1625:59
      at Generator.next (<anonymous>)
      at step (/usr/share/yarn/lib/cli.js:310:30)
      at /usr/share/yarn/lib/cli.js:321:13

npm manifest: 
  {
    "name": "to-do-app",
    "version": "1.0.0",
    "description": "A web page in task list format",
    "main": "script.js",
    "scripts": {
      "test": "echo \"Error: no test specified\" && exit 1",
      "scss": "node-sass -w scss/ -o scss/",
      "dev": "live-server public"
    },
    "repository": {
      "type": "git",
      "url": "git+https://github.com/vitormrts/to-do-app.git",
    },
    "author": "@vitormrts",
    "license": "MIT",
    "bugs": {
      "url": "https://github.com/vitormrts/to-do-app/issues"
    },
    "homepage": "https://github.com/vitormrts/to-do-app#readme",
    "devDependencies": {
      "live-server": "^1.2.1",
      "node-sass": "^5.0.0"
    }
  }

yarn manifest: 
  No manifest

Lockfile: 
  No lockfile
